<?xml version="1.0" encoding="UTF-8"?>
<!-- Generated by org.testng.reporters.JUnitReportReporter -->
<testsuite hostname="IND-MHP3DW10928" name="testCases.CaseStatusVerification" tests="1" failures="0" timestamp="27 May 2019 13:50:47 GMT" time="18.504" errors="0">
  <testcase name="validateAddPerson" time="18.504" classname="testCases.CaseStatusVerification"/>
</testsuite> <!-- testCases.CaseStatusVerification -->
