<?xml version="1.0" encoding="UTF-8"?>
<!-- Generated by org.testng.reporters.JUnitReportReporter -->
<testsuite hostname="IND-MHP3DW10928" name="testCases.CaseStatusVerification" tests="1" failures="0" timestamp="28 May 2019 07:31:43 GMT" time="27.767" errors="0">
  <testcase name="validateAddPerson" time="27.767" classname="testCases.CaseStatusVerification"/>
</testsuite> <!-- testCases.CaseStatusVerification -->
